<?xml version="1.0" encoding="UTF-8"?>
<testsuite xmlns:xsi="http://www.w3.org/2001/XMLSchema-instance" xsi:noNamespaceSchemaLocation="https://maven.apache.org/surefire/maven-surefire-plugin/xsd/surefire-test-report-3.0.xsd" version="3.0" name="br.com.techfix.service.FuncionarioServiceTest" time="0.03" tests="5" errors="0" skipped="0" failures="0">
  <properties>
[...]
</properties>
  <testcase name="naoDeveCadastrarFuncionarioComEmailDuplicado" classname="br.com.techfix.service.FuncionarioServiceTest" time="0.003"/>
  <testcase name="deveRealizarExclusaoLogicaComSucesso" classname="br.com.techfix.service.FuncionarioServiceTest" time="0.002"/>
  <testcase name="naoDeveCadastrarFuncionarioComCamposObrigatoriosVazios" classname="br.com.techfix.service.FuncionarioServiceTest" time="0.005"/>
  <testcase name="deveCadastrarFuncionarioComSucesso" classname="br.com.techfix.service.FuncionarioServiceTest" time="0.001"/>
  <testcase name="deveLancarExcecaoAoBuscarOuExcluirIdInexistente" classname="br.com.techfix.service.FuncionarioServiceTest" time="0.003"/>
</testsuite>